<?xml version="1.0" encoding="UTF-8"?>
<!-- Generated by org.testng.reporters.JUnitReportReporter -->
<testsuite hostname="DESKTOP-INBM9UJ" failures="0" tests="1" name="driverFactory.DriverScript" time="26.187" errors="0" timestamp="2023-10-05T20:20:02 IST" skipped="0">
  <testcase classname="driverFactory.DriverScript" name="startTest" time="26.187">
    <system-out>
      <![CDATA[No. of rows in TCSheet::4No. of rows in TSSheet10
Login Success::adminflow  http://primusbank.qedgetech.com/adminflow.aspx
Logout Success::
Login Success::adminflow  http://primusbank.qedgetech.com/adminflow.aspx
New Branch with id 146 created Sucessfully
Logout Success::
Login Success::adminflow  http://primusbank.qedgetech.com/adminflow.aspx
Branch updated Sucessfully
Logout Success::]]>
    </system-out>
  </testcase> <!-- startTest -->
  <system-out>
    <![CDATA[Browser value not matching
No. of rows in TCSheet::4No. of rows in TSSheet10
Login Success::adminflow  http://primusbank.qedgetech.com/adminflow.aspx
Logout Success::
Login Success::adminflow  http://primusbank.qedgetech.com/adminflow.aspx
New Branch with id 146 created Sucessfully
Logout Success::
Login Success::adminflow  http://primusbank.qedgetech.com/adminflow.aspx
Branch updated Sucessfully
Logout Success::]]>
  </system-out>
</testsuite> <!-- driverFactory.DriverScript -->
